PLINK v1.9.0-b.7.11 64-bit (19 Aug 2025)
Options in effect:
  --bfile Data/combined_200k_70k_sparrow_genotype_data/combined_200k_70k_helgeland_south_corrected_snpfiltered_2024-02-05
  --chr-set 32
  --freq
  --keep Data/gnn/keep_ids.txt
  --out Data/gnn/grm_plink

Hostname: SIMENS7PRO
Working directory: C:\Users\Simen\OneDrive - NTNU\FYSMAT\INDMAT\25H\Prosjekt\Reproduce
Start time: Mon Sep 22 13:22:52 2025

Random number seed: 1758540172
14140 MB RAM detected; reserving 7070 MB for main workspace.
Allocated 2982 MB successfully, after larger attempt(s) failed.
65344 variants loaded from .bim file.
14015 samples (0 males, 0 females, 14015 ambiguous) loaded from .fam.
Ambiguous sex IDs written to Data/gnn/grm_plink.nosex .
--keep: 2775 samples remaining.
Using 1 thread (no multithreaded calculations invoked).
Before main variant filters, 2775 founders and 0 nonfounders present.
Calculating allele frequencies... done.
Total genotyping rate in remaining samples is 0.992774.
--freq: Allele frequencies (founders only) written to Data/gnn/grm_plink.frq .

End time: Mon Sep 22 13:22:52 2025
