2025-09-29 17:34:22 | INFO | Device: cuda
2025-09-29 17:34:22 | INFO | Loading data from NPZ: Data/gnn/snp_pheno_ALL.npz
2025-09-29 17:34:44 | INFO | Fold 1/10: train+val=5145, test=572
2025-09-29 17:35:25 | INFO | Fold 1 | OOF Pearson r = 0.3305
2025-09-29 17:35:25 | INFO | Fold 2/10: train+val=5145, test=572
2025-09-29 17:35:37 | INFO | Fold 2 | OOF Pearson r = 0.3257
2025-09-29 17:35:37 | INFO | Fold 3/10: train+val=5145, test=572
2025-09-29 17:35:48 | INFO | Fold 3 | OOF Pearson r = 0.3292
2025-09-29 17:35:48 | INFO | Fold 4/10: train+val=5145, test=572
2025-09-29 17:36:00 | INFO | Fold 4 | OOF Pearson r = 0.2229
2025-09-29 17:36:00 | INFO | Fold 5/10: train+val=5145, test=572
2025-09-29 17:36:12 | INFO | Fold 5 | OOF Pearson r = 0.3500
2025-09-29 17:36:12 | INFO | Fold 6/10: train+val=5145, test=572
2025-09-29 17:36:24 | INFO | Fold 6 | OOF Pearson r = 0.2359
2025-09-29 17:36:24 | INFO | Fold 7/10: train+val=5145, test=572
2025-09-29 17:36:36 | INFO | Fold 7 | OOF Pearson r = 0.2832
2025-09-29 17:36:36 | INFO | Fold 8/10: train+val=5146, test=571
2025-09-29 17:36:48 | INFO | Fold 8 | OOF Pearson r = 0.3626
2025-09-29 17:36:48 | INFO | Fold 9/10: train+val=5146, test=571
2025-09-29 17:36:59 | INFO | Fold 9 | OOF Pearson r = 0.3344
2025-09-29 17:36:59 | INFO | Fold 10/10: train+val=5146, test=571
2025-09-29 17:37:11 | INFO | Fold 10 | OOF Pearson r = 0.2461
2025-09-29 17:37:11 | INFO | Overall OOF Pearson r (10-fold) = 0.2899
